Using pre-set license
Built from '2020.3/staging' branch; Version is '2020.3.24f1 (79c78de19888) revision 7980941'; Using compiler version '192528614'; Build Type 'Release'
OS: 'Windows 10  (10.0.19044) 64bit Professional' Language: 'en' Physical Memory: 16202 MB
BatchMode: 1, IsHumanControllingUs: 0, StartBugReporterOnCrash: 0, Is64bit: 1, IsPro: 0

COMMAND LINE ARGUMENTS:
C:\Program Files\Unity\Hub\Editor\2020.3.24f1\Editor\Unity.exe
-adb2
-batchMode
-noUpm
-name
AssetImportWorker1
-projectPath
C:/Users/milen/Documents/GitHub/Vending-Machine/VendingMachine
-logFile
Logs/AssetImportWorker1.log
-srvPort
63204
Successfully changed project path to: C:/Users/milen/Documents/GitHub/Vending-Machine/VendingMachine
C:/Users/milen/Documents/GitHub/Vending-Machine/VendingMachine
Using Asset Import Pipeline V2.
Refreshing native plugins compatible for Editor in 219.09 ms, found 2 plugins.
Preloading 0 native plugins for Editor in 0.00 ms.
Initialize engine version: 2020.3.24f1 (79c78de19888)
[Subsystems] Discovering subsystems at path C:/Program Files/Unity/Hub/Editor/2020.3.24f1/Editor/Data/Resources/UnitySubsystems
[Subsystems] Discovering subsystems at path C:/Users/milen/Documents/GitHub/Vending-Machine/VendingMachine/Assets
GfxDevice: creating device client; threaded=0
Direct3D:
    Version:  Direct3D 11.0 [level 11.1]
    Renderer: NVIDIA GeForce GTX 1650 Ti with Max-Q Design (ID=0x1f95)
    Vendor:   
    VRAM:     3962 MB
    Driver:   31.0.15.1694
Initialize mono
Mono path[0] = 'C:/Program Files/Unity/Hub/Editor/2020.3.24f1/Editor/Data/Managed'
Mono path[1] = 'C:/Program Files/Unity/Hub/Editor/2020.3.24f1/Editor/Data/MonoBleedingEdge/lib/mono/unityjit'
Mono config path = 'C:/Program Files/Unity/Hub/Editor/2020.3.24f1/Editor/Data/MonoBleedingEdge/etc'
Using monoOptions --debugger-agent=transport=dt_socket,embedding=1,server=y,suspend=n,address=127.0.0.1:56964
Begin MonoManager ReloadAssembly
Registering precompiled unity dll's ...
Register platform support module: C:/Program Files/Unity/Hub/Editor/2020.3.24f1/Editor/Data/PlaybackEngines/WebGLSupport/UnityEditor.WebGL.Extensions.dll
Register platform support module: C:/Program Files/Unity/Hub/Editor/2020.3.24f1/Editor/Data/PlaybackEngines/WindowsStandaloneSupport/UnityEditor.WindowsStandalone.Extensions.dll
Registered in 0.473314 seconds.
Native extension for WindowsStandalone target not found
Native extension for WebGL target not found
Refreshing native plugins compatible for Editor in 46.86 ms, found 2 plugins.
Preloading 0 native plugins for Editor in 0.00 ms.
Mono: successfully reloaded assembly
- Completed reload, in  4.470 seconds
Domain Reload Profiling:
	ReloadAssembly (4470ms)
		BeginReloadAssembly (2627ms)
			ExecutionOrderSort (0ms)
			DisableScriptedObjects (0ms)
			BackupInstance (0ms)
			ReleaseScriptingObjects (0ms)
			CreateAndSetChildDomain (2ms)
		EndReloadAssembly (1083ms)
			LoadAssemblies (2631ms)
			RebuildTransferFunctionScriptingTraits (0ms)
			SetupTypeCache (645ms)
			ReleaseScriptCaches (0ms)
			RebuildScriptCaches (46ms)
			SetupLoadedEditorAssemblies (233ms)
				LogAssemblyErrors (0ms)
				InitializePlatformSupportModulesInManaged (7ms)
				SetLoadedEditorAssemblies (1ms)
				RefreshPlugins (47ms)
				BeforeProcessingInitializeOnLoad (19ms)
				ProcessInitializeOnLoadAttributes (115ms)
				ProcessInitializeOnLoadMethodAttributes (44ms)
				AfterProcessingInitializeOnLoad (0ms)
				EditorAssembliesLoaded (0ms)
			ExecutionOrderSort2 (0ms)
			AwakeInstancesAfterBackupRestoration (0ms)
Platform modules already initialized, skipping
Registering precompiled user dll's ...
Registered in 1.450121 seconds.
Begin MonoManager ReloadAssembly
Native extension for WindowsStandalone target not found
Native extension for WebGL target not found
Refreshing native plugins compatible for Editor in 0.91 ms, found 2 plugins.
Preloading 0 native plugins for Editor in 0.00 ms.
Mono: successfully reloaded assembly
- Completed reload, in  6.799 seconds
Domain Reload Profiling:
	ReloadAssembly (6808ms)
		BeginReloadAssembly (214ms)
			ExecutionOrderSort (0ms)
			DisableScriptedObjects (10ms)
			BackupInstance (0ms)
			ReleaseScriptingObjects (0ms)
			CreateAndSetChildDomain (32ms)
		EndReloadAssembly (6508ms)
			LoadAssemblies (2819ms)
			RebuildTransferFunctionScriptingTraits (0ms)
			SetupTypeCache (1495ms)
			ReleaseScriptCaches (0ms)
			RebuildScriptCaches (71ms)
			SetupLoadedEditorAssemblies (1986ms)
				LogAssemblyErrors (0ms)
				InitializePlatformSupportModulesInManaged (8ms)
				SetLoadedEditorAssemblies (1ms)
				RefreshPlugins (1ms)
				BeforeProcessingInitializeOnLoad (115ms)
				ProcessInitializeOnLoadAttributes (625ms)
				ProcessInitializeOnLoadMethodAttributes (1224ms)
				AfterProcessingInitializeOnLoad (11ms)
				EditorAssembliesLoaded (0ms)
			ExecutionOrderSort2 (0ms)
			AwakeInstancesAfterBackupRestoration (11ms)
Platform modules already initialized, skipping
========================================================================
Worker process is ready to serve import requests
Launched and connected shader compiler UnityShaderCompiler.exe after 0.13 seconds
Refreshing native plugins compatible for Editor in 0.46 ms, found 2 plugins.
Preloading 0 native plugins for Editor in 0.00 ms.
Unloading 1570 Unused Serialized files (Serialized files now loaded: 0)
System memory in use before: 73.0 MB.
System memory in use after: 73.1 MB.

Unloading 23 unused Assets to reduce memory usage. Loaded Objects now: 2001.
Total: 3.999600 ms (FindLiveObjects: 0.236000 ms CreateObjectMapping: 0.113900 ms MarkObjects: 3.550300 ms  DeleteObjects: 0.096800 ms)

AssetImportParameters requested are different than current active one (requested -> active):
  custom:framework-win-MediaFoundation: 216162199b28c13a410421893ffa2e32 -> 
  custom:video-decoder-ogg-theora: a1e56fd34408186e4bbccfd4996cb3dc -> 
  custom:container-muxer-webm: aa71ff27fc2769a1b78a27578f13a17b -> 
  custom:container-demuxer-webm: 4f35f7cbe854078d1ac9338744f61a02 -> 
  custom:container-demuxer-ogg: 62fdf1f143b41e24485cea50d1cbac27 -> 
  custom:video-encoder-webm-vp8: eb34c28f22e8b96e1ab97ce403110664 -> 
  custom:video-decoder-webm-vp8: 9c59270c3fd7afecdb556c50c9e8de78 -> 
  custom:audio-decoder-ogg-vorbis: bf7c407c2cedff20999df2af8eb42d56 -> 
  custom:audio-encoder-webm-vorbis: bf7c407c2cedff20999df2af8eb42d56 -> 
========================================================================
Received Import Request.
  path: Assets/Prefabs/Items/Drinks/Cola_Can.prefab
  artifactKey: Guid(59101700c7a08f0418936b28d77f8084) Importer(815301076,1909f56bfc062723c751e8b465ee728b)
Start importing Assets/Prefabs/Items/Drinks/Cola_Can.prefab using Guid(59101700c7a08f0418936b28d77f8084) Importer(815301076,1909f56bfc062723c751e8b465ee728b)  -> (artifact id: '9da1a7e9261fcda2a03b01768e66ecae') in 0.295720 seconds 
  Import took 0.299560 seconds .

========================================================================
Received Prepare
Refreshing native plugins compatible for Editor in 5.37 ms, found 2 plugins.
Preloading 0 native plugins for Editor in 0.00 ms.
Unloading 16 Unused Serialized files (Serialized files now loaded: 0)
System memory in use before: 44.1 MB.
System memory in use after: 44.2 MB.

Unloading 16 unused Assets to reduce memory usage. Loaded Objects now: 2008.
Total: 3.934200 ms (FindLiveObjects: 0.255200 ms CreateObjectMapping: 0.096100 ms MarkObjects: 3.555600 ms  DeleteObjects: 0.025400 ms)

AssetImportParameters requested are different than current active one (requested -> active):
  custom:framework-win-MediaFoundation: 216162199b28c13a410421893ffa2e32 -> 
  custom:video-decoder-ogg-theora: a1e56fd34408186e4bbccfd4996cb3dc -> 
  custom:container-muxer-webm: aa71ff27fc2769a1b78a27578f13a17b -> 
  custom:container-demuxer-webm: 4f35f7cbe854078d1ac9338744f61a02 -> 
  custom:container-demuxer-ogg: 62fdf1f143b41e24485cea50d1cbac27 -> 
  custom:video-encoder-webm-vp8: eb34c28f22e8b96e1ab97ce403110664 -> 
  custom:video-decoder-webm-vp8: 9c59270c3fd7afecdb556c50c9e8de78 -> 
  custom:audio-decoder-ogg-vorbis: bf7c407c2cedff20999df2af8eb42d56 -> 
  custom:audio-encoder-webm-vorbis: bf7c407c2cedff20999df2af8eb42d56 -> 
========================================================================
Received Import Request.
  Time since last request: 39.153706 seconds.
  path: Assets/Prefabs/Items/Drinks/CocaCola_Can.prefab
  artifactKey: Guid(c173b068334d6204cada6829c19c6023) Importer(815301076,1909f56bfc062723c751e8b465ee728b)
Start importing Assets/Prefabs/Items/Drinks/CocaCola_Can.prefab using Guid(c173b068334d6204cada6829c19c6023) Importer(815301076,1909f56bfc062723c751e8b465ee728b)  -> (artifact id: '7be3b84ac6e5845f36dc243113951298') in 0.043164 seconds 
  Import took 0.047326 seconds .

========================================================================
Received Import Request.
  Time since last request: 4.958376 seconds.
  path: Assets/Prefabs/Items/Drinks/CocaCola_Can.prefab
  artifactKey: Guid(c173b068334d6204cada6829c19c6023) Importer(815301076,1909f56bfc062723c751e8b465ee728b)
Start importing Assets/Prefabs/Items/Drinks/CocaCola_Can.prefab using Guid(c173b068334d6204cada6829c19c6023) Importer(815301076,1909f56bfc062723c751e8b465ee728b)  -> (artifact id: 'a2fc94cff0f15eeaa0f906c4faa72fda') in 0.013855 seconds 
  Import took 0.019119 seconds .

========================================================================
Received Import Request.
  Time since last request: 20.827316 seconds.
  path: Assets/Prefabs/Items/Drinks/CocaCola_can 1.prefab
  artifactKey: Guid(3092266c91208f941bf65fa60e444fd2) Importer(815301076,1909f56bfc062723c751e8b465ee728b)
Start importing Assets/Prefabs/Items/Drinks/CocaCola_can 1.prefab using Guid(3092266c91208f941bf65fa60e444fd2) Importer(815301076,1909f56bfc062723c751e8b465ee728b)  -> (artifact id: '8b63380a61755c0d2f20a7b10065e9c8') in 0.059778 seconds 
  Import took 0.065057 seconds .

========================================================================
Received Import Request.
  Time since last request: 33.909858 seconds.
  path: Assets/Prefabs/Items/Drinks/CocaCola_can.prefab
  artifactKey: Guid(3092266c91208f941bf65fa60e444fd2) Importer(815301076,1909f56bfc062723c751e8b465ee728b)
Start importing Assets/Prefabs/Items/Drinks/CocaCola_can.prefab using Guid(3092266c91208f941bf65fa60e444fd2) Importer(815301076,1909f56bfc062723c751e8b465ee728b)  -> (artifact id: '095f6d6e559607cc094eaa7d4e4bff96') in 0.052233 seconds 
  Import took 0.057609 seconds .

========================================================================
Received Import Request.
  Time since last request: 48.562848 seconds.
  path: Assets/Prefabs/Items/Drinks/PepsiCola_can.prefab
  artifactKey: Guid(1a49ded84e944624da41cebfab595a80) Importer(815301076,1909f56bfc062723c751e8b465ee728b)
Start importing Assets/Prefabs/Items/Drinks/PepsiCola_can.prefab using Guid(1a49ded84e944624da41cebfab595a80) Importer(815301076,1909f56bfc062723c751e8b465ee728b)  -> (artifact id: '23f9b7c9db3a96c21ab2ce9436a95ff9') in 0.087139 seconds 
  Import took 0.090473 seconds .

========================================================================
Received Import Request.
  Time since last request: 10.067052 seconds.
  path: Assets/Prefabs/Items/Drinks/PepsiCola_can.prefab
  artifactKey: Guid(1a49ded84e944624da41cebfab595a80) Importer(815301076,1909f56bfc062723c751e8b465ee728b)
Start importing Assets/Prefabs/Items/Drinks/PepsiCola_can.prefab using Guid(1a49ded84e944624da41cebfab595a80) Importer(815301076,1909f56bfc062723c751e8b465ee728b)  -> (artifact id: 'c7b92a2bd5e18c97c0987ed51a08e6ee') in 0.010405 seconds 
  Import took 0.013439 seconds .

========================================================================
Received Import Request.
  Time since last request: 27.358284 seconds.
  path: Assets/Prefabs/Items/Drinks/PepsiCola_Can 1.prefab
  artifactKey: Guid(47eeb8508ee5e0c4aa24646111acb364) Importer(815301076,1909f56bfc062723c751e8b465ee728b)
Start importing Assets/Prefabs/Items/Drinks/PepsiCola_Can 1.prefab using Guid(47eeb8508ee5e0c4aa24646111acb364) Importer(815301076,1909f56bfc062723c751e8b465ee728b)  -> (artifact id: 'd7ea4f45b16025b4efd7443b720f356e') in 0.049973 seconds 
  Import took 0.055143 seconds .

========================================================================
Received Import Request.
  Time since last request: 7.235629 seconds.
  path: Assets/Prefabs/Items/Drinks/PepsiCola_Can.prefab
  artifactKey: Guid(47eeb8508ee5e0c4aa24646111acb364) Importer(815301076,1909f56bfc062723c751e8b465ee728b)
Start importing Assets/Prefabs/Items/Drinks/PepsiCola_Can.prefab using Guid(47eeb8508ee5e0c4aa24646111acb364) Importer(815301076,1909f56bfc062723c751e8b465ee728b)  -> (artifact id: '9f49cafddf8893ed7521891e40cf6f97') in 0.047989 seconds 
  Import took 0.052224 seconds .

========================================================================
Received Prepare
Registering precompiled user dll's ...
Registered in 0.008831 seconds.
Begin MonoManager ReloadAssembly
Native extension for WindowsStandalone target not found
Native extension for WebGL target not found
Refreshing native plugins compatible for Editor in 0.69 ms, found 2 plugins.
Preloading 0 native plugins for Editor in 0.00 ms.
Mono: successfully reloaded assembly
- Completed reload, in  1.429 seconds
Domain Reload Profiling:
	ReloadAssembly (1429ms)
		BeginReloadAssembly (172ms)
			ExecutionOrderSort (0ms)
			DisableScriptedObjects (6ms)
			BackupInstance (0ms)
			ReleaseScriptingObjects (0ms)
			CreateAndSetChildDomain (45ms)
		EndReloadAssembly (1144ms)
			LoadAssemblies (153ms)
			RebuildTransferFunctionScriptingTraits (0ms)
			SetupTypeCache (398ms)
			ReleaseScriptCaches (1ms)
			RebuildScriptCaches (62ms)
			SetupLoadedEditorAssemblies (418ms)
				LogAssemblyErrors (0ms)
				InitializePlatformSupportModulesInManaged (8ms)
				SetLoadedEditorAssemblies (1ms)
				RefreshPlugins (1ms)
				BeforeProcessingInitializeOnLoad (104ms)
				ProcessInitializeOnLoadAttributes (282ms)
				ProcessInitializeOnLoadMethodAttributes (12ms)
				AfterProcessingInitializeOnLoad (10ms)
				EditorAssembliesLoaded (0ms)
			ExecutionOrderSort2 (0ms)
			AwakeInstancesAfterBackupRestoration (10ms)
Platform modules already initialized, skipping
Refreshing native plugins compatible for Editor in 0.47 ms, found 2 plugins.
Preloading 0 native plugins for Editor in 0.00 ms.
Unloading 1548 Unused Serialized files (Serialized files now loaded: 0)
System memory in use before: 74.4 MB.
System memory in use after: 74.5 MB.

Unloading 18 unused Assets to reduce memory usage. Loaded Objects now: 2010.
Total: 3.333900 ms (FindLiveObjects: 0.179200 ms CreateObjectMapping: 0.064900 ms MarkObjects: 3.062000 ms  DeleteObjects: 0.025200 ms)

AssetImportParameters requested are different than current active one (requested -> active):
  custom:framework-win-MediaFoundation: 216162199b28c13a410421893ffa2e32 -> 
  custom:video-decoder-ogg-theora: a1e56fd34408186e4bbccfd4996cb3dc -> 
  custom:container-muxer-webm: aa71ff27fc2769a1b78a27578f13a17b -> 
  custom:container-demuxer-webm: 4f35f7cbe854078d1ac9338744f61a02 -> 
  custom:container-demuxer-ogg: 62fdf1f143b41e24485cea50d1cbac27 -> 
  custom:video-encoder-webm-vp8: eb34c28f22e8b96e1ab97ce403110664 -> 
  custom:video-decoder-webm-vp8: 9c59270c3fd7afecdb556c50c9e8de78 -> 
  custom:audio-decoder-ogg-vorbis: bf7c407c2cedff20999df2af8eb42d56 -> 
  custom:audio-encoder-webm-vorbis: bf7c407c2cedff20999df2af8eb42d56 -> 
========================================================================
Received Import Request.
  Time since last request: 66.446266 seconds.
  path: Assets/Prefabs/Items/Drinks/Water_bottle 1.prefab
  artifactKey: Guid(e87a5b99a650e014aac23d4d703d6e72) Importer(815301076,1909f56bfc062723c751e8b465ee728b)
Start importing Assets/Prefabs/Items/Drinks/Water_bottle 1.prefab using Guid(e87a5b99a650e014aac23d4d703d6e72) Importer(815301076,1909f56bfc062723c751e8b465ee728b)  -> (artifact id: '123fa696ff3b5c89497c57e1c6dc5493') in 0.221426 seconds 
  Import took 0.225151 seconds .

========================================================================
Received Import Request.
  Time since last request: 6.582169 seconds.
  path: Assets/Prefabs/Items/Drinks/Water_bottle 1.prefab
  artifactKey: Guid(e87a5b99a650e014aac23d4d703d6e72) Importer(815301076,1909f56bfc062723c751e8b465ee728b)
Start importing Assets/Prefabs/Items/Drinks/Water_bottle 1.prefab using Guid(e87a5b99a650e014aac23d4d703d6e72) Importer(815301076,1909f56bfc062723c751e8b465ee728b)  -> (artifact id: '8a60b2363b29a12e211c66d8a0770a5a') in 0.010314 seconds 
  Import took 0.013258 seconds .

========================================================================
Received Import Request.
  Time since last request: 19.133578 seconds.
  path: Assets/Prefabs/Items/Drinks/Water_bottle.prefab
  artifactKey: Guid(e87a5b99a650e014aac23d4d703d6e72) Importer(815301076,1909f56bfc062723c751e8b465ee728b)
Start importing Assets/Prefabs/Items/Drinks/Water_bottle.prefab using Guid(e87a5b99a650e014aac23d4d703d6e72) Importer(815301076,1909f56bfc062723c751e8b465ee728b)  -> (artifact id: '848d740d980f555abe57fed995757792') in 0.021450 seconds 
  Import took 0.025921 seconds .

========================================================================
Received Import Request.
  Time since last request: 30.218225 seconds.
  path: Assets/Prefabs/Items/Drinks/Water_bottle 1.prefab
  artifactKey: Guid(e484050f4250c9d488fa653fa87ae0b6) Importer(815301076,1909f56bfc062723c751e8b465ee728b)
Start importing Assets/Prefabs/Items/Drinks/Water_bottle 1.prefab using Guid(e484050f4250c9d488fa653fa87ae0b6) Importer(815301076,1909f56bfc062723c751e8b465ee728b)  -> (artifact id: '50321a7452f7ad8fda44910161544575') in 0.108733 seconds 
  Import took 0.112263 seconds .

========================================================================
Received Import Request.
  Time since last request: 6.029514 seconds.
  path: Assets/Prefabs/Items/Drinks/Water_Bottle.prefab
  artifactKey: Guid(e484050f4250c9d488fa653fa87ae0b6) Importer(815301076,1909f56bfc062723c751e8b465ee728b)
Start importing Assets/Prefabs/Items/Drinks/Water_Bottle.prefab using Guid(e484050f4250c9d488fa653fa87ae0b6) Importer(815301076,1909f56bfc062723c751e8b465ee728b)  -> (artifact id: '15acb843341480160c84f9de93d310e1') in 0.104287 seconds 
  Import took 0.107447 seconds .

========================================================================
Received Prepare
Registering precompiled user dll's ...
Registered in 0.010661 seconds.
Begin MonoManager ReloadAssembly
Native extension for WindowsStandalone target not found
Native extension for WebGL target not found
Refreshing native plugins compatible for Editor in 0.49 ms, found 2 plugins.
Preloading 0 native plugins for Editor in 0.00 ms.
Mono: successfully reloaded assembly
- Completed reload, in  1.432 seconds
Domain Reload Profiling:
	ReloadAssembly (1433ms)
		BeginReloadAssembly (152ms)
			ExecutionOrderSort (0ms)
			DisableScriptedObjects (7ms)
			BackupInstance (0ms)
			ReleaseScriptingObjects (0ms)
			CreateAndSetChildDomain (45ms)
		EndReloadAssembly (1189ms)
			LoadAssemblies (137ms)
			RebuildTransferFunctionScriptingTraits (0ms)
			SetupTypeCache (423ms)
			ReleaseScriptCaches (1ms)
			RebuildScriptCaches (64ms)
			SetupLoadedEditorAssemblies (427ms)
				LogAssemblyErrors (0ms)
				InitializePlatformSupportModulesInManaged (10ms)
				SetLoadedEditorAssemblies (1ms)
				RefreshPlugins (1ms)
				BeforeProcessingInitializeOnLoad (106ms)
				ProcessInitializeOnLoadAttributes (284ms)
				ProcessInitializeOnLoadMethodAttributes (14ms)
				AfterProcessingInitializeOnLoad (11ms)
				EditorAssembliesLoaded (0ms)
			ExecutionOrderSort2 (0ms)
			AwakeInstancesAfterBackupRestoration (11ms)
Platform modules already initialized, skipping
Refreshing native plugins compatible for Editor in 0.53 ms, found 2 plugins.
Preloading 0 native plugins for Editor in 0.00 ms.
Unloading 1548 Unused Serialized files (Serialized files now loaded: 0)
System memory in use before: 74.5 MB.
System memory in use after: 74.6 MB.

Unloading 18 unused Assets to reduce memory usage. Loaded Objects now: 2013.
Total: 3.775900 ms (FindLiveObjects: 0.275900 ms CreateObjectMapping: 0.096900 ms MarkObjects: 3.373900 ms  DeleteObjects: 0.027600 ms)

AssetImportParameters requested are different than current active one (requested -> active):
  custom:framework-win-MediaFoundation: 216162199b28c13a410421893ffa2e32 -> 
  custom:video-decoder-ogg-theora: a1e56fd34408186e4bbccfd4996cb3dc -> 
  custom:container-muxer-webm: aa71ff27fc2769a1b78a27578f13a17b -> 
  custom:container-demuxer-webm: 4f35f7cbe854078d1ac9338744f61a02 -> 
  custom:container-demuxer-ogg: 62fdf1f143b41e24485cea50d1cbac27 -> 
  custom:video-encoder-webm-vp8: eb34c28f22e8b96e1ab97ce403110664 -> 
  custom:video-decoder-webm-vp8: 9c59270c3fd7afecdb556c50c9e8de78 -> 
  custom:audio-decoder-ogg-vorbis: bf7c407c2cedff20999df2af8eb42d56 -> 
  custom:audio-encoder-webm-vorbis: bf7c407c2cedff20999df2af8eb42d56 -> 
========================================================================
Received Import Request.
  Time since last request: 180.784451 seconds.
  path: Assets/Prefabs/Items/Kidney/Chocolate.prefab
  artifactKey: Guid(40ea345d06426a64984bd4036ca48163) Importer(815301076,1909f56bfc062723c751e8b465ee728b)
Start importing Assets/Prefabs/Items/Kidney/Chocolate.prefab using Guid(40ea345d06426a64984bd4036ca48163) Importer(815301076,1909f56bfc062723c751e8b465ee728b)  -> (artifact id: '6f530ccee5e2d83d110ffa1034a6af82') in 0.144534 seconds 
  Import took 0.148807 seconds .

========================================================================
Received Import Request.
  Time since last request: 16.679450 seconds.
  path: Assets/Prefabs/Items/Kidney/Chocolate 1.prefab
  artifactKey: Guid(34d0299ebcc73af418860c3417e0097c) Importer(815301076,1909f56bfc062723c751e8b465ee728b)
Start importing Assets/Prefabs/Items/Kidney/Chocolate 1.prefab using Guid(34d0299ebcc73af418860c3417e0097c) Importer(815301076,1909f56bfc062723c751e8b465ee728b)  -> (artifact id: '5aac0f7c5accb845f5d2712550170918') in 0.026492 seconds 
  Import took 0.029447 seconds .

========================================================================
Received Import Request.
  Time since last request: 0.654733 seconds.
  path: Assets/Prefabs/Items/Kidney/Chocolate.prefab
  artifactKey: Guid(40ea345d06426a64984bd4036ca48163) Importer(815301076,1909f56bfc062723c751e8b465ee728b)
Start importing Assets/Prefabs/Items/Kidney/Chocolate.prefab using Guid(40ea345d06426a64984bd4036ca48163) Importer(815301076,1909f56bfc062723c751e8b465ee728b)  -> (artifact id: 'bc2e17896e4448551608651d46370ace') in 0.013257 seconds 
  Import took 0.016451 seconds .

========================================================================
Received Import Request.
  Time since last request: 6.323113 seconds.
  path: Assets/Prefabs/Items/Kidney/Chocolate.prefab
  artifactKey: Guid(34d0299ebcc73af418860c3417e0097c) Importer(815301076,1909f56bfc062723c751e8b465ee728b)
Start importing Assets/Prefabs/Items/Kidney/Chocolate.prefab using Guid(34d0299ebcc73af418860c3417e0097c) Importer(815301076,1909f56bfc062723c751e8b465ee728b)  -> (artifact id: '9b73d0cc11d765748a0f6ebdda86fc98') in 0.024042 seconds 
  Import took 0.027361 seconds .

========================================================================
Received Import Request.
  Time since last request: 26.651790 seconds.
  path: Assets/Prefabs/Items/Kidney/Lion_Chocolate.prefab
  artifactKey: Guid(3176e3ee67dcb284b93d86e9850c2f9e) Importer(815301076,1909f56bfc062723c751e8b465ee728b)
Start importing Assets/Prefabs/Items/Kidney/Lion_Chocolate.prefab using Guid(3176e3ee67dcb284b93d86e9850c2f9e) Importer(815301076,1909f56bfc062723c751e8b465ee728b)  -> (artifact id: '81180ed9be276625465148abe9a7eb02') in 0.101459 seconds 
  Import took 0.105091 seconds .

========================================================================
Received Import Request.
  Time since last request: 3.885788 seconds.
  path: Assets/Prefabs/Items/Kidney/Lion_Chocolate.prefab
  artifactKey: Guid(3176e3ee67dcb284b93d86e9850c2f9e) Importer(815301076,1909f56bfc062723c751e8b465ee728b)
Start importing Assets/Prefabs/Items/Kidney/Lion_Chocolate.prefab using Guid(3176e3ee67dcb284b93d86e9850c2f9e) Importer(815301076,1909f56bfc062723c751e8b465ee728b)  -> (artifact id: 'ae916f8619c28e6a445a83cab2a2e51e') in 0.012757 seconds 
  Import took 0.015823 seconds .

========================================================================
Received Import Request.
  Time since last request: 2.434138 seconds.
  path: Assets/Prefabs/Items/Kidney/Lion_Chocolate 1.prefab
  artifactKey: Guid(69db45faeb06bf34fabe902c4b91f2dc) Importer(815301076,1909f56bfc062723c751e8b465ee728b)
Start importing Assets/Prefabs/Items/Kidney/Lion_Chocolate 1.prefab using Guid(69db45faeb06bf34fabe902c4b91f2dc) Importer(815301076,1909f56bfc062723c751e8b465ee728b)  -> (artifact id: '67a1a51e41e8cdd1a995d99c27e52a68') in 0.057757 seconds 
  Import took 0.060768 seconds .

========================================================================
Received Import Request.
  Time since last request: 4.203131 seconds.
  path: Assets/Prefabs/Items/Kidney/Lion_Chocolate.prefab
  artifactKey: Guid(69db45faeb06bf34fabe902c4b91f2dc) Importer(815301076,1909f56bfc062723c751e8b465ee728b)
Start importing Assets/Prefabs/Items/Kidney/Lion_Chocolate.prefab using Guid(69db45faeb06bf34fabe902c4b91f2dc) Importer(815301076,1909f56bfc062723c751e8b465ee728b)  -> (artifact id: 'c4225126413f500a45ef267ca2ae23fb') in 0.050340 seconds 
  Import took 0.053369 seconds .

========================================================================
Received Import Request.
  Time since last request: 11.838022 seconds.
  path: Assets/Prefabs/Items/Kidney/KitKat_Chocolate.prefab
  artifactKey: Guid(4553243844a3f0f4095412033bd1a9e4) Importer(815301076,1909f56bfc062723c751e8b465ee728b)
Start importing Assets/Prefabs/Items/Kidney/KitKat_Chocolate.prefab using Guid(4553243844a3f0f4095412033bd1a9e4) Importer(815301076,1909f56bfc062723c751e8b465ee728b)  -> (artifact id: 'a0d53e166c5a212da93754b14fa972bc') in 0.061421 seconds 
  Import took 0.065352 seconds .

========================================================================
Received Import Request.
  Time since last request: 33.857440 seconds.
  path: Assets/Prefabs/Items/Kidney/KitKat_Chocolate 1.prefab
  artifactKey: Guid(ee9524e0d0038f842857ee5860cd74c9) Importer(815301076,1909f56bfc062723c751e8b465ee728b)
Start importing Assets/Prefabs/Items/Kidney/KitKat_Chocolate 1.prefab using Guid(ee9524e0d0038f842857ee5860cd74c9) Importer(815301076,1909f56bfc062723c751e8b465ee728b)  -> (artifact id: '5bf7152dd0dcc2cf82f0f1474ee9ba78') in 0.032942 seconds 
  Import took 0.036581 seconds .

========================================================================
Received Import Request.
  Time since last request: 4.881455 seconds.
  path: Assets/Prefabs/Items/Kidney/KitKat_Chocolate.prefab
  artifactKey: Guid(ee9524e0d0038f842857ee5860cd74c9) Importer(815301076,1909f56bfc062723c751e8b465ee728b)
Start importing Assets/Prefabs/Items/Kidney/KitKat_Chocolate.prefab using Guid(ee9524e0d0038f842857ee5860cd74c9) Importer(815301076,1909f56bfc062723c751e8b465ee728b)  -> (artifact id: 'fd32e9fb9f297617a0b21be2313d8d9c') in 0.024227 seconds 
  Import took 0.028156 seconds .

========================================================================
Received Prepare
Registering precompiled user dll's ...
Registered in 0.012489 seconds.
Begin MonoManager ReloadAssembly
Native extension for WindowsStandalone target not found
Native extension for WebGL target not found
Refreshing native plugins compatible for Editor in 0.50 ms, found 2 plugins.
Preloading 0 native plugins for Editor in 0.00 ms.
Mono: successfully reloaded assembly
- Completed reload, in  1.712 seconds
Domain Reload Profiling:
	ReloadAssembly (1713ms)
		BeginReloadAssembly (147ms)
			ExecutionOrderSort (0ms)
			DisableScriptedObjects (7ms)
			BackupInstance (0ms)
			ReleaseScriptingObjects (0ms)
			CreateAndSetChildDomain (44ms)
		EndReloadAssembly (1470ms)
			LoadAssemblies (146ms)
			RebuildTransferFunctionScriptingTraits (0ms)
			SetupTypeCache (537ms)
			ReleaseScriptCaches (1ms)
			RebuildScriptCaches (95ms)
			SetupLoadedEditorAssemblies (496ms)
				LogAssemblyErrors (0ms)
				InitializePlatformSupportModulesInManaged (9ms)
				SetLoadedEditorAssemblies (1ms)
				RefreshPlugins (1ms)
				BeforeProcessingInitializeOnLoad (118ms)
				ProcessInitializeOnLoadAttributes (334ms)
				ProcessInitializeOnLoadMethodAttributes (20ms)
				AfterProcessingInitializeOnLoad (14ms)
				EditorAssembliesLoaded (1ms)
			ExecutionOrderSort2 (0ms)
			AwakeInstancesAfterBackupRestoration (15ms)
Platform modules already initialized, skipping
Refreshing native plugins compatible for Editor in 0.80 ms, found 2 plugins.
Preloading 0 native plugins for Editor in 0.00 ms.
Unloading 1548 Unused Serialized files (Serialized files now loaded: 0)
System memory in use before: 74.5 MB.
System memory in use after: 74.6 MB.

Unloading 18 unused Assets to reduce memory usage. Loaded Objects now: 2016.
Total: 3.576300 ms (FindLiveObjects: 0.201500 ms CreateObjectMapping: 0.088300 ms MarkObjects: 3.248000 ms  DeleteObjects: 0.036600 ms)

AssetImportParameters requested are different than current active one (requested -> active):
  custom:framework-win-MediaFoundation: 216162199b28c13a410421893ffa2e32 -> 
  custom:video-decoder-ogg-theora: a1e56fd34408186e4bbccfd4996cb3dc -> 
  custom:container-muxer-webm: aa71ff27fc2769a1b78a27578f13a17b -> 
  custom:container-demuxer-webm: 4f35f7cbe854078d1ac9338744f61a02 -> 
  custom:container-demuxer-ogg: 62fdf1f143b41e24485cea50d1cbac27 -> 
  custom:video-encoder-webm-vp8: eb34c28f22e8b96e1ab97ce403110664 -> 
  custom:video-decoder-webm-vp8: 9c59270c3fd7afecdb556c50c9e8de78 -> 
  custom:audio-decoder-ogg-vorbis: bf7c407c2cedff20999df2af8eb42d56 -> 
  custom:audio-encoder-webm-vorbis: bf7c407c2cedff20999df2af8eb42d56 -> 
========================================================================
Received Prepare
Registering precompiled user dll's ...
Registered in 0.008803 seconds.
Begin MonoManager ReloadAssembly
Native extension for WindowsStandalone target not found
Native extension for WebGL target not found
Refreshing native plugins compatible for Editor in 0.53 ms, found 2 plugins.
Preloading 0 native plugins for Editor in 0.00 ms.
Mono: successfully reloaded assembly
- Completed reload, in  1.506 seconds
Domain Reload Profiling:
	ReloadAssembly (1507ms)
		BeginReloadAssembly (153ms)
			ExecutionOrderSort (0ms)
			DisableScriptedObjects (7ms)
			BackupInstance (0ms)
			ReleaseScriptingObjects (0ms)
			CreateAndSetChildDomain (43ms)
		EndReloadAssembly (1251ms)
			LoadAssemblies (159ms)
			RebuildTransferFunctionScriptingTraits (0ms)
			SetupTypeCache (426ms)
			ReleaseScriptCaches (1ms)
			RebuildScriptCaches (68ms)
			SetupLoadedEditorAssemblies (447ms)
				LogAssemblyErrors (0ms)
				InitializePlatformSupportModulesInManaged (10ms)
				SetLoadedEditorAssemblies (1ms)
				RefreshPlugins (1ms)
				BeforeProcessingInitializeOnLoad (115ms)
				ProcessInitializeOnLoadAttributes (296ms)
				ProcessInitializeOnLoadMethodAttributes (12ms)
				AfterProcessingInitializeOnLoad (12ms)
				EditorAssembliesLoaded (0ms)
			ExecutionOrderSort2 (0ms)
			AwakeInstancesAfterBackupRestoration (11ms)
Platform modules already initialized, skipping
Refreshing native plugins compatible for Editor in 0.58 ms, found 2 plugins.
Preloading 0 native plugins for Editor in 0.00 ms.
Unloading 1548 Unused Serialized files (Serialized files now loaded: 0)
System memory in use before: 74.5 MB.
System memory in use after: 74.6 MB.

Unloading 18 unused Assets to reduce memory usage. Loaded Objects now: 2018.
Total: 5.089300 ms (FindLiveObjects: 0.534600 ms CreateObjectMapping: 0.418200 ms MarkObjects: 4.109800 ms  DeleteObjects: 0.024600 ms)

AssetImportParameters requested are different than current active one (requested -> active):
  custom:framework-win-MediaFoundation: 216162199b28c13a410421893ffa2e32 -> 
  custom:video-decoder-ogg-theora: a1e56fd34408186e4bbccfd4996cb3dc -> 
  custom:container-muxer-webm: aa71ff27fc2769a1b78a27578f13a17b -> 
  custom:container-demuxer-webm: 4f35f7cbe854078d1ac9338744f61a02 -> 
  custom:container-demuxer-ogg: 62fdf1f143b41e24485cea50d1cbac27 -> 
  custom:video-encoder-webm-vp8: eb34c28f22e8b96e1ab97ce403110664 -> 
  custom:video-decoder-webm-vp8: 9c59270c3fd7afecdb556c50c9e8de78 -> 
  custom:audio-decoder-ogg-vorbis: bf7c407c2cedff20999df2af8eb42d56 -> 
  custom:audio-encoder-webm-vorbis: bf7c407c2cedff20999df2af8eb42d56 -> 
========================================================================
Received Prepare
Registering precompiled user dll's ...
Registered in 0.007739 seconds.
Begin MonoManager ReloadAssembly
Native extension for WindowsStandalone target not found
Native extension for WebGL target not found
Refreshing native plugins compatible for Editor in 0.44 ms, found 2 plugins.
Preloading 0 native plugins for Editor in 0.00 ms.
Mono: successfully reloaded assembly
- Completed reload, in  1.297 seconds
Domain Reload Profiling:
	ReloadAssembly (1297ms)
		BeginReloadAssembly (148ms)
			ExecutionOrderSort (0ms)
			DisableScriptedObjects (6ms)
			BackupInstance (0ms)
			ReleaseScriptingObjects (0ms)
			CreateAndSetChildDomain (42ms)
		EndReloadAssembly (1062ms)
			LoadAssemblies (130ms)
			RebuildTransferFunctionScriptingTraits (0ms)
			SetupTypeCache (361ms)
			ReleaseScriptCaches (1ms)
			RebuildScriptCaches (58ms)
			SetupLoadedEditorAssemblies (386ms)
				LogAssemblyErrors (0ms)
				InitializePlatformSupportModulesInManaged (7ms)
				SetLoadedEditorAssemblies (1ms)
				RefreshPlugins (1ms)
				BeforeProcessingInitializeOnLoad (97ms)
				ProcessInitializeOnLoadAttributes (258ms)
				ProcessInitializeOnLoadMethodAttributes (11ms)
				AfterProcessingInitializeOnLoad (11ms)
				EditorAssembliesLoaded (0ms)
			ExecutionOrderSort2 (0ms)
			AwakeInstancesAfterBackupRestoration (10ms)
Platform modules already initialized, skipping
Refreshing native plugins compatible for Editor in 0.45 ms, found 2 plugins.
Preloading 0 native plugins for Editor in 0.00 ms.
Unloading 1548 Unused Serialized files (Serialized files now loaded: 0)
System memory in use before: 74.5 MB.
System memory in use after: 74.6 MB.

Unloading 18 unused Assets to reduce memory usage. Loaded Objects now: 2020.
Total: 2.982900 ms (FindLiveObjects: 0.196700 ms CreateObjectMapping: 0.074700 ms MarkObjects: 2.686900 ms  DeleteObjects: 0.023300 ms)

AssetImportParameters requested are different than current active one (requested -> active):
  custom:framework-win-MediaFoundation: 216162199b28c13a410421893ffa2e32 -> 
  custom:video-decoder-ogg-theora: a1e56fd34408186e4bbccfd4996cb3dc -> 
  custom:container-muxer-webm: aa71ff27fc2769a1b78a27578f13a17b -> 
  custom:container-demuxer-webm: 4f35f7cbe854078d1ac9338744f61a02 -> 
  custom:container-demuxer-ogg: 62fdf1f143b41e24485cea50d1cbac27 -> 
  custom:video-encoder-webm-vp8: eb34c28f22e8b96e1ab97ce403110664 -> 
  custom:video-decoder-webm-vp8: 9c59270c3fd7afecdb556c50c9e8de78 -> 
  custom:audio-decoder-ogg-vorbis: bf7c407c2cedff20999df2af8eb42d56 -> 
  custom:audio-encoder-webm-vorbis: bf7c407c2cedff20999df2af8eb42d56 -> 
AssetImportWorkerClient::OnTransportError - code=2 error=End of file
